# JRE version: Java(TM) SE Runtime Environment (17.0.12+8) (build 17.0.12+8-LTS-286)
# Java VM: Java HotSpot(TM) 64-Bit Server VM (17.0.12+8-LTS-286, mixed mode, sharing, tiered, compressed oops, compressed class ptrs, g1 gc, windows-amd64)
GC Precious Log:
 CPUs: 4 total, 4 available
 Memory: 8097M
 Large Page Support: Disabled
 NUMA Support: Disabled
 Compressed Oops: Enabled (Zero based)
 Heap Region Size: 2M
 Heap Min Capacity: 8M
 Heap Initial Capacity: 128M
 Heap Max Capacity: 3G
 Pre-touch: Disabled
 Parallel Workers: 4
 Concurrent Workers: 1
 Concurrent Refinement Workers: 4
 Periodic GC: Disabled
Heap:
 garbage-first heap   total 362496K, used 237669K [0x0000000740000000, 0x0000000800000000)
  region size 2048K, 20 young (40960K), 3 survivors (6144K)
 Metaspace       used 137478K, committed 139008K, reserved 557056K
  class space    used 18626K, committed 19328K, reserved 425984K
GC Heap History (20 events):
Event: 72.921 GC heap before
{Heap before GC invocations=55 (full 0):
 garbage-first heap   total 280576K, used 226244K [0x0000000740000000, 0x0000000800000000)
  region size 2048K, 46 young (94208K), 4 survivors (8192K)
 Metaspace       used 115844K, committed 117120K, reserved 557056K
  class space    used 15785K, committed 16384K, reserved 425984K
}
Event: 72.942 GC heap after
{Heap after GC invocations=56 (full 0):
 garbage-first heap   total 280576K, used 142805K [0x0000000740000000, 0x0000000800000000)
  region size 2048K, 4 young (8192K), 4 survivors (8192K)
 Metaspace       used 115844K, committed 117120K, reserved 557056K
  class space    used 15785K, committed 16384K, reserved 425984K
}
Event: 75.492 GC heap before
{Heap before GC invocations=56 (full 0):
 garbage-first heap   total 280576K, used 230869K [0x0000000740000000, 0x0000000800000000)
  region size 2048K, 47 young (96256K), 4 survivors (8192K)
 Metaspace       used 120143K, committed 121472K, reserved 557056K
  class space    used 16354K, committed 16960K, reserved 425984K
}
Event: 75.513 GC heap after
{Heap after GC invocations=57 (full 0):
 garbage-first heap   total 280576K, used 146156K [0x0000000740000000, 0x0000000800000000)
  region size 2048K, 3 young (6144K), 3 survivors (6144K)
 Metaspace       used 120143K, committed 121472K, reserved 557056K
  class space    used 16354K, committed 16960K, reserved 425984K
}
Event: 78.750 GC heap before
{Heap before GC invocations=57 (full 0):
 garbage-first heap   total 280576K, used 234220K [0x0000000740000000, 0x0000000800000000)
  region size 2048K, 46 young (94208K), 3 survivors (6144K)
 Metaspace       used 122733K, committed 124096K, reserved 557056K
  class space    used 16762K, committed 17408K, reserved 425984K
}
Event: 78.783 GC heap after
{Heap after GC invocations=58 (full 0):
 garbage-first heap   total 280576K, used 153906K [0x0000000740000000, 0x0000000800000000)
  region size 2048K, 6 young (12288K), 6 survivors (12288K)
 Metaspace       used 122733K, committed 124096K, reserved 557056K
  class space    used 16762K, committed 17408K, reserved 425984K
}
Event: 81.523 GC heap before
{Heap before GC invocations=58 (full 0):
 garbage-first heap   total 280576K, used 231730K [0x0000000740000000, 0x0000000800000000)
  region size 2048K, 44 young (90112K), 6 survivors (12288K)
 Metaspace       used 123595K, committed 125120K, reserved 557056K
  class space    used 16891K, committed 17600K, reserved 425984K
}
Event: 81.575 GC heap after
{Heap after GC invocations=59 (full 0):
 garbage-first heap   total 280576K, used 163688K [0x0000000740000000, 0x0000000800000000)
  region size 2048K, 5 young (10240K), 5 survivors (10240K)
 Metaspace       used 123595K, committed 125120K, reserved 557056K
  class space    used 16891K, committed 17600K, reserved 425984K
}
Event: 83.098 GC heap before
{Heap before GC invocations=59 (full 0):
 garbage-first heap   total 280576K, used 231272K [0x0000000740000000, 0x0000000800000000)
  region size 2048K, 38 young (77824K), 5 survivors (10240K)
 Metaspace       used 126487K, committed 128000K, reserved 557056K
  class space    used 17349K, committed 18048K, reserved 425984K
}
Event: 83.137 GC heap after
{Heap after GC invocations=60 (full 0):
 garbage-first heap   total 280576K, used 168310K [0x0000000740000000, 0x0000000800000000)
  region size 2048K, 3 young (6144K), 3 survivors (6144K)
 Metaspace       used 126487K, committed 128000K, reserved 557056K
  class space    used 17349K, committed 18048K, reserved 425984K
}
Event: 83.789 GC heap before
{Heap before GC invocations=60 (full 0):
 garbage-first heap   total 280576K, used 233846K [0x0000000740000000, 0x0000000800000000)
  region size 2048K, 35 young (71680K), 3 survivors (6144K)
 Metaspace       used 126510K, committed 128000K, reserved 557056K
  class space    used 17349K, committed 18048K, reserved 425984K
}
Event: 83.811 GC heap after
{Heap after GC invocations=61 (full 0):
 garbage-first heap   total 280576K, used 169096K [0x0000000740000000, 0x0000000800000000)
  region size 2048K, 3 young (6144K), 3 survivors (6144K)
 Metaspace       used 126510K, committed 128000K, reserved 557056K
  class space    used 17349K, committed 18048K, reserved 425984K
}
Event: 86.326 GC heap before
{Heap before GC invocations=61 (full 0):
 garbage-first heap   total 280576K, used 236680K [0x0000000740000000, 0x0000000800000000)
  region size 2048K, 36 young (73728K), 3 survivors (6144K)
 Metaspace       used 129694K, committed 131200K, reserved 557056K
  class space    used 17720K, committed 18368K, reserved 425984K
}
Event: 86.348 GC heap after
{Heap after GC invocations=62 (full 0):
 garbage-first heap   total 280576K, used 172401K [0x0000000740000000, 0x0000000800000000)
  region size 2048K, 3 young (6144K), 3 survivors (6144K)
 Metaspace       used 129694K, committed 131200K, reserved 557056K
  class space    used 17720K, committed 18368K, reserved 425984K
}
Event: 93.246 GC heap before
{Heap before GC invocations=62 (full 0):
 garbage-first heap   total 280576K, used 233841K [0x0000000740000000, 0x0000000800000000)
  region size 2048K, 34 young (69632K), 3 survivors (6144K)
 Metaspace       used 137173K, committed 138688K, reserved 557056K
  class space    used 18606K, committed 19328K, reserved 425984K
}
Event: 93.267 GC heap after
{Heap after GC invocations=63 (full 0):
 garbage-first heap   total 280576K, used 179065K [0x0000000740000000, 0x0000000800000000)
  region size 2048K, 5 young (10240K), 5 survivors (10240K)
 Metaspace       used 137173K, committed 138688K, reserved 557056K
  class space    used 18606K, committed 19328K, reserved 425984K
}
Event: 93.922 GC heap before
{Heap before GC invocations=63 (full 0):
 garbage-first heap   total 280576K, used 234361K [0x0000000740000000, 0x0000000800000000)
  region size 2048K, 33 young (67584K), 5 survivors (10240K)
 Metaspace       used 137230K, committed 138752K, reserved 557056K
  class space    used 18615K, committed 19328K, reserved 425984K
}
Event: 93.970 GC heap after
{Heap after GC invocations=64 (full 0):
 garbage-first heap   total 280576K, used 197757K [0x0000000740000000, 0x0000000800000000)
  region size 2048K, 5 young (10240K), 5 survivors (10240K)
 Metaspace       used 137230K, committed 138752K, reserved 557056K
  class space    used 18615K, committed 19328K, reserved 425984K
}
Event: 94.593 GC heap before
{Heap before GC invocations=64 (full 0):
 garbage-first heap   total 280576K, used 232573K [0x0000000740000000, 0x0000000800000000)
  region size 2048K, 23 young (47104K), 5 survivors (10240K)
 Metaspace       used 137351K, committed 138880K, reserved 557056K
  class space    used 18624K, committed 19328K, reserved 425984K
}
Event: 94.626 GC heap after
{Heap after GC invocations=65 (full 0):
 garbage-first heap   total 362496K, used 204901K [0x0000000740000000, 0x0000000800000000)
  region size 2048K, 3 young (6144K), 3 survivors (6144K)
 Metaspace       used 137351K, committed 138880K, reserved 557056K
  class space    used 18624K, committed 19328K, reserved 425984K
}

